2024-12-16 16:09:14.060 [main] INFO  r.l.p.importPackages.entities.Truck - Текущий вид кузова:
2024-12-16 16:09:14.070 [main] INFO  r.l.p.importPackages.entities.Truck - XXX...
2024-12-16 16:09:14.070 [main] INFO  r.l.p.importPackages.entities.Truck - XXX...XXX...
2024-12-16 16:09:14.070 [main] INFO  r.l.p.importPackages.entities.Truck - XXX...XXX...XXX...
2024-12-16 16:09:14.071 [main] INFO  r.l.p.importPackages.entities.Truck - XXX...XXX...XXX...XXX...
2024-12-16 16:09:14.071 [main] INFO  r.l.p.importPackages.entities.Truck - XXX...XXX...XXX...XXX.........
2024-12-16 16:09:14.071 [main] INFO  r.l.p.importPackages.entities.Truck - XXX...XXX...XXX...XXX...............
2024-12-16 16:09:14.072 [main] INFO  r.l.p.importPackages.entities.Truck - 

2024-12-16 16:09:14.073 [main] INFO  r.l.p.importPackages.entities.Truck - Текущий вид кузова:
2024-12-16 16:09:14.074 [main] INFO  r.l.p.importPackages.entities.Truck - XXXXXX
2024-12-16 16:09:14.074 [main] INFO  r.l.p.importPackages.entities.Truck - XXXXXXXXXXXX
2024-12-16 16:09:14.074 [main] INFO  r.l.p.importPackages.entities.Truck - XXXXXXXXXXXXXXXXXX
2024-12-16 16:09:14.074 [main] INFO  r.l.p.importPackages.entities.Truck - XXXXXXXXXXXXXXXXXXXXXXXX
2024-12-16 16:09:14.074 [main] INFO  r.l.p.importPackages.entities.Truck - XXXXXXXXXXXXXXXXXXXXXXXXXXXXXX
2024-12-16 16:09:14.074 [main] INFO  r.l.p.importPackages.entities.Truck - XXXXXXXXXXXXXXXXXXXXXXXXXXXXXXXXXXXX
2024-12-16 16:09:14.075 [main] INFO  r.l.p.importPackages.entities.Truck - 

2024-12-16 16:09:14.075 [main] INFO  r.l.p.importPackages.entities.Truck - Текущий вид кузова:
2024-12-16 16:09:14.075 [main] INFO  r.l.p.importPackages.entities.Truck - XXX...
2024-12-16 16:09:14.076 [main] INFO  r.l.p.importPackages.entities.Truck - XXX...XXX...
2024-12-16 16:09:14.076 [main] INFO  r.l.p.importPackages.entities.Truck - XXX...XXX...XXX...
2024-12-16 16:09:14.076 [main] INFO  r.l.p.importPackages.entities.Truck - XXX...XXX...XXX...XXX...
2024-12-16 16:09:14.076 [main] INFO  r.l.p.importPackages.entities.Truck - XXX...XXX...XXX...XXX.........
2024-12-16 16:09:14.077 [main] INFO  r.l.p.importPackages.entities.Truck - XXX...XXX...XXX...XXX...............
2024-12-16 16:09:14.077 [main] INFO  r.l.p.importPackages.entities.Truck - 

2024-12-16 16:09:14.077 [main] INFO  r.l.p.importPackages.entities.Truck - Текущий вид кузова:
2024-12-16 16:09:14.077 [main] INFO  r.l.p.importPackages.entities.Truck - XXXXX.
2024-12-16 16:09:14.077 [main] INFO  r.l.p.importPackages.entities.Truck - XXXXX.XXXXX.
2024-12-16 16:09:14.078 [main] INFO  r.l.p.importPackages.entities.Truck - XXXXX.XXXXX.XXXXX.
2024-12-16 16:09:14.078 [main] INFO  r.l.p.importPackages.entities.Truck - XXXXX.XXXXX.XXXXX.XXXXX.
2024-12-16 16:09:14.078 [main] INFO  r.l.p.importPackages.entities.Truck - XXXXX.XXXXX.XXXXX.XXXXX....XX.
2024-12-16 16:09:14.078 [main] INFO  r.l.p.importPackages.entities.Truck - XXXXX.XXXXX.XXXXX.XXXXX....XX.......
2024-12-16 16:09:14.078 [main] INFO  r.l.p.importPackages.entities.Truck - 

2024-12-16 16:09:14.079 [main] INFO  r.l.p.importPackages.entities.Truck - Текущий вид кузова:
2024-12-16 16:09:14.079 [main] INFO  r.l.p.importPackages.entities.Truck - XXXXXX
2024-12-16 16:09:14.079 [main] INFO  r.l.p.importPackages.entities.Truck - XXXXXXXXXXXX
2024-12-16 16:09:14.079 [main] INFO  r.l.p.importPackages.entities.Truck - XXXXXXXXXXXXXXXXXX
2024-12-16 16:09:14.079 [main] INFO  r.l.p.importPackages.entities.Truck - XXXXXXXXXXXXXXXXXXXXXXXX
2024-12-16 16:09:14.080 [main] INFO  r.l.p.importPackages.entities.Truck - XXXXXXXXXXXXXXXXXXXXXXXX...XXX
2024-12-16 16:09:14.080 [main] INFO  r.l.p.importPackages.entities.Truck - XXXXXXXXXXXXXXXXXXXXXXXX...XXX.....X
2024-12-16 16:09:14.080 [main] INFO  r.l.p.importPackages.entities.Truck - 

2024-12-16 16:09:14.082 [main] INFO  r.l.p.importPackages.entities.Truck - Текущий вид кузова:
2024-12-16 16:09:14.082 [main] INFO  r.l.p.importPackages.entities.Truck - XXX...
2024-12-16 16:09:14.083 [main] INFO  r.l.p.importPackages.entities.Truck - XXX...XXX...
2024-12-16 16:09:14.083 [main] INFO  r.l.p.importPackages.entities.Truck - XXX...XXX...XXX...
2024-12-16 16:09:14.083 [main] INFO  r.l.p.importPackages.entities.Truck - XXX...XXX...XXX...XXX...
2024-12-16 16:09:14.083 [main] INFO  r.l.p.importPackages.entities.Truck - XXX...XXX...XXX...XXX.........
2024-12-16 16:09:14.084 [main] INFO  r.l.p.importPackages.entities.Truck - XXX...XXX...XXX...XXX...............
2024-12-16 16:09:14.084 [main] INFO  r.l.p.importPackages.entities.Truck - 

2024-12-16 16:09:14.084 [main] INFO  r.l.p.importPackages.entities.Truck - Текущий вид кузова:
2024-12-16 16:09:14.084 [main] INFO  r.l.p.importPackages.entities.Truck - XXXXX.
2024-12-16 16:09:14.084 [main] INFO  r.l.p.importPackages.entities.Truck - XXXXX.XXXXX.
2024-12-16 16:09:14.085 [main] INFO  r.l.p.importPackages.entities.Truck - XXXXX.XXXXX.XXXXX.
2024-12-16 16:09:14.085 [main] INFO  r.l.p.importPackages.entities.Truck - XXXXX.XXXXX.XXXXX.XXXXX.
2024-12-16 16:09:14.085 [main] INFO  r.l.p.importPackages.entities.Truck - XXXXX.XXXXX.XXXXX.XXXXX....XX.
2024-12-16 16:09:14.085 [main] INFO  r.l.p.importPackages.entities.Truck - XXXXX.XXXXX.XXXXX.XXXXX....XX.......
2024-12-16 16:09:14.085 [main] INFO  r.l.p.importPackages.entities.Truck - 

2024-12-16 16:09:14.086 [main] INFO  r.l.p.importPackages.entities.Truck - Текущий вид кузова:
2024-12-16 16:09:14.086 [main] INFO  r.l.p.importPackages.entities.Truck - XXXXXX
2024-12-16 16:09:14.086 [main] INFO  r.l.p.importPackages.entities.Truck - XXXXXXXXXXXX
2024-12-16 16:09:14.087 [main] INFO  r.l.p.importPackages.entities.Truck - XXXXXXXXXXXXXXXXXX
2024-12-16 16:09:14.087 [main] INFO  r.l.p.importPackages.entities.Truck - XXXXXXXXXXXXXXXXXXXXXXXX
2024-12-16 16:09:14.088 [main] INFO  r.l.p.importPackages.entities.Truck - XXXXXXXXXXXXXXXXXXXXXXXX...XXX
2024-12-16 16:09:14.088 [main] INFO  r.l.p.importPackages.entities.Truck - XXXXXXXXXXXXXXXXXXXXXXXX...XXX.....X
2024-12-16 16:09:14.088 [main] INFO  r.l.p.importPackages.entities.Truck - 

2024-12-16 16:12:41.044 [main] INFO  ru.liga.App - Стартуем приложение...
2024-12-16 16:12:58.844 [main] INFO  r.liga.controller.ConsoleController - Пустые клетки представлены символом ., а заполненные — символом X
2024-12-16 16:12:58.853 [main] INFO  r.l.p.importPackages.entities.Truck - Текущий вид кузова:
2024-12-16 16:12:58.856 [main] INFO  r.l.p.importPackages.entities.Truck - XXX...
2024-12-16 16:12:58.857 [main] INFO  r.l.p.importPackages.entities.Truck - XXX...XXX...
2024-12-16 16:12:58.857 [main] INFO  r.l.p.importPackages.entities.Truck - XXX...XXX...XXX...
2024-12-16 16:12:58.857 [main] INFO  r.l.p.importPackages.entities.Truck - XXX...XXX...XXX...XXX...
2024-12-16 16:12:58.857 [main] INFO  r.l.p.importPackages.entities.Truck - XXX...XXX...XXX...XXX.........
2024-12-16 16:12:58.857 [main] INFO  r.l.p.importPackages.entities.Truck - XXX...XXX...XXX...XXX...............
2024-12-16 16:12:58.857 [main] INFO  r.l.p.importPackages.entities.Truck - 

2024-12-16 16:12:58.857 [main] INFO  r.l.p.importPackages.entities.Truck - Текущий вид кузова:
2024-12-16 16:12:58.857 [main] INFO  r.l.p.importPackages.entities.Truck - XXXX..
2024-12-16 16:12:58.857 [main] INFO  r.l.p.importPackages.entities.Truck - XXXX..XXXX..
2024-12-16 16:12:58.857 [main] INFO  r.l.p.importPackages.entities.Truck - XXXX..XXXX..XXXX..
2024-12-16 16:12:58.857 [main] INFO  r.l.p.importPackages.entities.Truck - XXXX..XXXX..XXXX........
2024-12-16 16:12:58.857 [main] INFO  r.l.p.importPackages.entities.Truck - XXXX..XXXX..XXXX..............
2024-12-16 16:12:58.858 [main] INFO  r.l.p.importPackages.entities.Truck - XXXX..XXXX..XXXX....................
2024-12-16 16:12:58.858 [main] INFO  r.l.p.importPackages.entities.Truck - 

2024-12-16 16:12:58.858 [main] INFO  r.l.p.importPackages.entities.Truck - Текущий вид кузова:
2024-12-16 16:12:58.858 [main] INFO  r.l.p.importPackages.entities.Truck - XXXXXX
2024-12-16 16:12:58.858 [main] INFO  r.l.p.importPackages.entities.Truck - XXXXXXXXXXXX
2024-12-16 16:12:58.858 [main] INFO  r.l.p.importPackages.entities.Truck - XXXXXXXXXXXXXXXXXX
2024-12-16 16:12:58.858 [main] INFO  r.l.p.importPackages.entities.Truck - XXXXXXXXXXXXXXXXXX....XX
2024-12-16 16:12:58.858 [main] INFO  r.l.p.importPackages.entities.Truck - XXXXXXXXXXXXXXXXXX....XX....XX
2024-12-16 16:12:58.858 [main] INFO  r.l.p.importPackages.entities.Truck - XXXXXXXXXXXXXXXXXX....XX....XX......
2024-12-16 16:12:58.858 [main] INFO  r.l.p.importPackages.entities.Truck - 

2024-12-16 16:12:58.858 [main] INFO  r.l.p.importPackages.entities.Truck - Текущий вид кузова:
2024-12-16 16:12:58.859 [main] INFO  r.l.p.importPackages.entities.Truck - XXXXX.
2024-12-16 16:12:58.859 [main] INFO  r.l.p.importPackages.entities.Truck - XXXXX.XXXXX.
2024-12-16 16:12:58.859 [main] INFO  r.l.p.importPackages.entities.Truck - XXXXX.XXXXX.......
2024-12-16 16:12:58.859 [main] INFO  r.l.p.importPackages.entities.Truck - XXXXX.XXXXX.............
2024-12-16 16:12:58.859 [main] INFO  r.l.p.importPackages.entities.Truck - XXXXX.XXXXX...................
2024-12-16 16:12:58.859 [main] INFO  r.l.p.importPackages.entities.Truck - XXXXX.XXXXX.........................
2024-12-16 16:12:58.859 [main] INFO  r.l.p.importPackages.entities.Truck - 

2024-12-16 16:12:58.859 [main] INFO  r.l.p.importPackages.entities.Truck - Текущий вид кузова:
2024-12-16 16:12:58.859 [main] INFO  r.l.p.importPackages.entities.Truck - XXXXX.
2024-12-16 16:12:58.860 [main] INFO  r.l.p.importPackages.entities.Truck - XXXXX.XXXXX.
2024-12-16 16:12:58.860 [main] INFO  r.l.p.importPackages.entities.Truck - XXXXX.XXXXX.XXX...
2024-12-16 16:12:58.860 [main] INFO  r.l.p.importPackages.entities.Truck - XXXXX.XXXXX.XXX...XXX...
2024-12-16 16:12:58.860 [main] INFO  r.l.p.importPackages.entities.Truck - XXXXX.XXXXX.XXX...XXX...XXX...
2024-12-16 16:12:58.860 [main] INFO  r.l.p.importPackages.entities.Truck - XXXXX.XXXXX.XXX...XXX...XXX.........
2024-12-16 16:12:58.860 [main] INFO  r.l.p.importPackages.entities.Truck - 

2024-12-16 16:12:58.860 [main] INFO  r.l.p.importPackages.entities.Truck - Текущий вид кузова:
2024-12-16 16:12:58.860 [main] INFO  r.l.p.importPackages.entities.Truck - XXXX..
2024-12-16 16:12:58.860 [main] INFO  r.l.p.importPackages.entities.Truck - XXXX..XXXX..
2024-12-16 16:12:58.860 [main] INFO  r.l.p.importPackages.entities.Truck - XXXX..XXXX........
2024-12-16 16:12:58.860 [main] INFO  r.l.p.importPackages.entities.Truck - XXXX..XXXX..............
2024-12-16 16:12:58.860 [main] INFO  r.l.p.importPackages.entities.Truck - XXXX..XXXX....................
2024-12-16 16:12:58.861 [main] INFO  r.l.p.importPackages.entities.Truck - XXXX..XXXX..........................
2024-12-16 16:12:58.861 [main] INFO  r.l.p.importPackages.entities.Truck - 

2024-12-16 16:12:58.861 [main] INFO  r.l.p.importPackages.entities.Truck - Текущий вид кузова:
2024-12-16 16:12:58.861 [main] INFO  r.l.p.importPackages.entities.Truck - XXXX..
2024-12-16 16:12:58.861 [main] INFO  r.l.p.importPackages.entities.Truck - XXXX..XXXX..
2024-12-16 16:12:58.861 [main] INFO  r.l.p.importPackages.entities.Truck - XXXX..XXXX..XX....
2024-12-16 16:12:58.861 [main] INFO  r.l.p.importPackages.entities.Truck - XXXX..XXXX..XX....XX....
2024-12-16 16:12:58.861 [main] INFO  r.l.p.importPackages.entities.Truck - XXXX..XXXX..XX....XX....XX....
2024-12-16 16:12:58.861 [main] INFO  r.l.p.importPackages.entities.Truck - XXXX..XXXX..XX....XX....XX....XX....
2024-12-16 16:12:58.861 [main] INFO  r.l.p.importPackages.entities.Truck - 

2024-12-16 16:12:58.861 [main] INFO  r.l.p.importPackages.entities.Truck - Текущий вид кузова:
2024-12-16 16:12:58.861 [main] INFO  r.l.p.importPackages.entities.Truck - XXXXXX
2024-12-16 16:12:58.861 [main] INFO  r.l.p.importPackages.entities.Truck - XXXXXX......
2024-12-16 16:12:58.861 [main] INFO  r.l.p.importPackages.entities.Truck - XXXXXX............
2024-12-16 16:12:58.862 [main] INFO  r.l.p.importPackages.entities.Truck - XXXXXX..................
2024-12-16 16:12:58.862 [main] INFO  r.l.p.importPackages.entities.Truck - XXXXXX........................
2024-12-16 16:12:58.862 [main] INFO  r.l.p.importPackages.entities.Truck - XXXXXX..............................
2024-12-16 16:12:58.862 [main] INFO  r.l.p.importPackages.entities.Truck - 

2024-12-16 16:12:58.862 [main] INFO  r.l.p.importPackages.entities.Truck - Текущий вид кузова:
2024-12-16 16:12:58.862 [main] INFO  r.l.p.importPackages.entities.Truck - X.....
2024-12-16 16:12:58.863 [main] INFO  r.l.p.importPackages.entities.Truck - X.....X.....
2024-12-16 16:12:58.863 [main] INFO  r.l.p.importPackages.entities.Truck - X.....X.....X.....
2024-12-16 16:12:58.863 [main] INFO  r.l.p.importPackages.entities.Truck - X.....X.....X.....X.....
2024-12-16 16:12:58.863 [main] INFO  r.l.p.importPackages.entities.Truck - X.....X.....X.....X.....X.....
2024-12-16 16:12:58.863 [main] INFO  r.l.p.importPackages.entities.Truck - X.....X.....X.....X.....X.....X.....
2024-12-16 16:12:58.863 [main] INFO  r.l.p.importPackages.entities.Truck - 

2024-12-16 16:12:58.863 [main] INFO  r.l.p.importPackages.entities.Truck - Текущий вид кузова:
2024-12-16 16:12:58.863 [main] INFO  r.l.p.importPackages.entities.Truck - XXXXXX
2024-12-16 16:12:58.863 [main] INFO  r.l.p.importPackages.entities.Truck - XXXXXXX.....
2024-12-16 16:12:58.863 [main] INFO  r.l.p.importPackages.entities.Truck - XXXXXXX.....X.....
2024-12-16 16:12:58.864 [main] INFO  r.l.p.importPackages.entities.Truck - XXXXXXX.....X.....X.....
2024-12-16 16:12:58.864 [main] INFO  r.l.p.importPackages.entities.Truck - XXXXXXX.....X.....X.....X.....
2024-12-16 16:12:58.864 [main] INFO  r.l.p.importPackages.entities.Truck - XXXXXXX.....X.....X.....X.....X.....
2024-12-16 16:12:58.864 [main] INFO  r.l.p.importPackages.entities.Truck - 

2024-12-16 16:12:58.865 [main] INFO  r.liga.controller.ConsoleController - Необходимое количество машин: 6
